yarn run v1.22.22
$ env-cmd -e goerli_development -r .config.js parcel src/index.html --port 2222 --host 0.0.0.0 --port 54529
Server running at http://0.0.0.0:1234
(node:1166) [DEP0128] DeprecationWarning: Invalid 'main' field in '/workspace/node_modules/emitter-mixin/package.json' of 'y'. Please either fix that or report it to the module author
(Use `node --trace-deprecation ...` to show where the warning was created)
Browserslist: caniuse-lite is outdated. Please run:
  npx browserslist@latest --update-db
  Why you should do it regularly: https://github.com/browserslist/browserslist#browsers-data-updating
Browserslist: caniuse-lite is outdated. Please run:
  npx browserslist@latest --update-db
  Why you should do it regularly: https://github.com/browserslist/browserslist#browsers-data-updating
Browserslist: caniuse-lite is outdated. Please run:
  npx browserslist@latest --update-db
  Why you should do it regularly: https://github.com/browserslist/browserslist#browsers-data-updating
⚠️  Could not load source file "../src/index.ts" in source map of "../node_modules/@near-eth/nep141-erc20/dist/index.js".
⚠️  Could not load source file "../src/index.ts" in source map of "../node_modules/@near-eth/client/dist/index.js".
⚠️  Could not load source file "../src/index.ts" in source map of "../node_modules/@near-eth/near-ether/dist/index.js".
⚠️  Could not load source file "../../src/index.ts" in source map of "../node_modules/@walletconnect/web3-provider/dist/esm/index.js".
⚠️  Could not load source file "../src/storage.ts" in source map of "../node_modules/@near-eth/client/dist/storage.js".
⚠️  Could not load source file "../src/statuses.ts" in source map of "../node_modules/@near-eth/client/dist/statuses.js".
⚠️  Could not load source file "../src/utils.ts" in source map of "../node_modules/@near-eth/client/dist/utils.js".
⚠️  Could not load source file "../../src/natural-erc20/index.ts" in source map of "../node_modules/@near-eth/nep141-erc20/dist/natural-erc20/index.js".
⚠️  Could not load source file "../../src/bridged-nep141/index.ts" in source map of "../node_modules/@near-eth/nep141-erc20/dist/bridged-nep141/index.js".
⚠️  Could not load source file "../../../src/natural-ether/sendToNear/index.ts" in source map of "../node_modules/@near-eth/near-ether/dist/natural-ether/sendToNear/index.js".
⚠️  Could not load source file "../../../src/bridged-ether/sendToEthereum/index.ts" in source map of "../node_modules/@near-eth/near-ether/dist/bridged-ether/sendToEthereum/index.js".
⚠️  Could not load source file "../../../src/bridged-near/sendToNear/index.ts" in source map of "../node_modules/@near-eth/near-ether/dist/bridged-near/sendToNear/index.js".
⚠️  Could not load source file "../../../src/natural-erc20/sendToNear/index.ts" in source map of "../node_modules/@near-eth/nep141-erc20/dist/natural-erc20/sendToNear/index.js".
⚠️  Could not load source file "../../../src/natural-near/sendToEthereum/index.ts" in source map of "../node_modules/@near-eth/near-ether/dist/natural-near/sendToEthereum/index.js".
⚠️  Could not load source file "../../../src/bridged-nep141/sendToEthereum/index.ts" in source map of "../node_modules/@near-eth/nep141-erc20/dist/bridged-nep141/sendToEthereum/index.js".
⚠️  Could not load source file "../../src/natural-near/index.ts" in source map of "../node_modules/@near-eth/near-ether/dist/natural-near/index.js".
⚠️  Could not load source file "../../src/bridged-near/index.ts" in source map of "../node_modules/@near-eth/near-ether/dist/bridged-near/index.js".
⚠️  Could not load source file "../../src/natural-ether/index.ts" in source map of "../node_modules/@near-eth/near-ether/dist/natural-ether/index.js".
⚠️  Could not load source file "../../src/bridged-ether/index.ts" in source map of "../node_modules/@near-eth/near-ether/dist/bridged-ether/index.js".
⚠️  Could not load source file "../../src/natural-erc20/getMetadata.ts" in source map of "../node_modules/@near-eth/nep141-erc20/dist/natural-erc20/getMetadata.js".
⚠️  Could not load source file "../../src/natural-erc20/getAllowance.ts" in source map of "../node_modules/@near-eth/nep141-erc20/dist/natural-erc20/getAllowance.js".
⚠️  Could not load source file "../../src/natural-erc20/getBalance.ts" in source map of "../node_modules/@near-eth/nep141-erc20/dist/natural-erc20/getBalance.js".
⚠️  Could not load source file "../../src/bridged-nep141/getAddress.ts" in source map of "../node_modules/@near-eth/nep141-erc20/dist/bridged-nep141/getAddress.js".
⚠️  Could not load source file "../../src/bridged-nep141/getMetadata.ts" in source map of "../node_modules/@near-eth/nep141-erc20/dist/bridged-nep141/getMetadata.js".
⚠️  Could not load source file "../../src/bridged-nep141/getBalance.ts" in source map of "../node_modules/@near-eth/nep141-erc20/dist/bridged-nep141/getBalance.js".
⚠️  Could not load source file "../../src/bridged-nep141/deploy.ts" in source map of "../node_modules/@near-eth/nep141-erc20/dist/bridged-nep141/deploy.js".
⚠️  Could not load source file "../src/i18nHelpers.ts" in source map of "../node_modules/@near-eth/client/dist/i18nHelpers.js".
⚠️  Could not load source file "../src/index.ts" in source map of "../node_modules/find-replacement-tx/dist/index.js".
⚠️  Could not load source file "../src/index.ts" in source map of "../node_modules/@near-eth/utils/dist/index.js".
⚠️  Could not load source file "../../src/natural-near/getBalance.ts" in source map of "../node_modules/@near-eth/near-ether/dist/natural-near/getBalance.js".
⚠️  Could not load source file "../../src/bridged-near/getBalance.ts" in source map of "../node_modules/@near-eth/near-ether/dist/bridged-near/getBalance.js".
⚠️  Could not load source file "../src/nep141.ts" in source map of "../node_modules/@near-eth/utils/dist/nep141.js".
⚠️  Could not load source file "../src/aurora.ts" in source map of "../node_modules/@near-eth/utils/dist/aurora.js".
⚠️  Could not load source file "../src/borshify-proof.ts" in source map of "../node_modules/@near-eth/utils/dist/borshify-proof.js".
⚠️  Could not load source file "../src/ethOnNearClient.ts" in source map of "../node_modules/@near-eth/utils/dist/ethOnNearClient.js".
⚠️  Could not load source file "../src/nearOnEthClient.ts" in source map of "../node_modules/@near-eth/utils/dist/nearOnEthClient.js".
⚠️  Could not load source file "../src/findProof.ts" in source map of "../node_modules/@near-eth/utils/dist/findProof.js".
⚠️  Could not load source file "../src/indexer.ts" in source map of "../node_modules/@near-eth/utils/dist/indexer.js".
⚠️  Could not load source file "../src/url-params.ts" in source map of "../node_modules/@near-eth/utils/dist/url-params.js".
⚠️  Could not load source file "../src/erc20.ts" in source map of "../node_modules/@near-eth/utils/dist/erc20.js".
⚠️  Could not load source file "../../src/index.ts" in source map of "../node_modules/@walletconnect/http-connection/dist/esm/index.js".
⚠️  Could not load source file "../../src/index.ts" in source map of "../node_modules/@walletconnect/client/dist/esm/index.js".
⚠️  Could not load source file "../../src/index.ts" in source map of "../node_modules/@walletconnect/utils/dist/esm/index.js".
⚠️  Could not load source file "../src/index.ts" in source map of "../node_modules/lite-merkle-patricia-tree/dist/index.js".
⚠️  Could not load source file "../index.ts" in source map of "../node_modules/xhr2-cookies/dist/index.js".
⚠️  Could not load source file "../../src/index.ts" in source map of "../node_modules/@walletconnect/iso-crypto/dist/esm/index.js".
⚠️  Could not load source file "../../src/index.ts" in source map of "../node_modules/@walletconnect/core/dist/esm/index.js".
⚠️  Could not load source file "../../src/encoding.ts" in source map of "../node_modules/@walletconnect/utils/dist/esm/encoding.js".
⚠️  Could not load source file "../../src/ethereum.ts" in source map of "../node_modules/@walletconnect/utils/dist/esm/ethereum.js".
⚠️  Could not load source file "../../src/constants.ts" in source map of "../node_modules/@walletconnect/utils/dist/esm/constants.js".
⚠️  Could not load source file "../../src/payload.ts" in source map of "../node_modules/@walletconnect/utils/dist/esm/payload.js".
⚠️  Could not load source file "../../src/session.ts" in source map of "../node_modules/@walletconnect/utils/dist/esm/session.js".
⚠️  Could not load source file "../../src/misc.ts" in source map of "../node_modules/@walletconnect/utils/dist/esm/misc.js".
⚠️  Could not load source file "../../src/url.ts" in source map of "../node_modules/@walletconnect/utils/dist/esm/url.js".
⚠️  Could not load source file "../../src/index.ts" in source map of "../node_modules/@walletconnect/browser-utils/dist/esm/index.js".
⚠️  Could not load source file "../../src/validators.ts" in source map of "../node_modules/@walletconnect/utils/dist/esm/validators.js".
⚠️  Could not load source file "../src/baseTrie.ts" in source map of "../node_modules/lite-merkle-patricia-tree/dist/baseTrie.js".
⚠️  Could not load source file "../xml-http-request-event-target.ts" in source map of "../node_modules/xhr2-cookies/dist/xml-http-request-event-target.js".
⚠️  Could not load source file "../../../src/browser/index.ts" in source map of "../node_modules/@walletconnect/crypto/dist/esm/browser/index.js".
⚠️  Could not load source file "../xml-http-request.ts" in source map of "../node_modules/xhr2-cookies/dist/xml-http-request.js".
⚠️  Could not load source file "../../src/index.ts" in source map of "../node_modules/@walletconnect/encoding/dist/cjs/index.js".
⚠️  Could not load source file "../../src/errors.ts" in source map of "../node_modules/@walletconnect/core/dist/esm/errors.js".
⚠️  Could not load source file "../../src/events.ts" in source map of "../node_modules/@walletconnect/core/dist/esm/events.js".
⚠️  Could not load source file "../../src/storage.ts" in source map of "../node_modules/@walletconnect/core/dist/esm/storage.js".
⚠️  Could not load source file "../../src/url.ts" in source map of "../node_modules/@walletconnect/core/dist/esm/url.js".
⚠️  Could not load source file "../../src/index.ts" in source map of "../node_modules/@walletconnect/socket-transport/dist/esm/index.js".
⚠️  Could not load source file "../../src/index.ts" in source map of "../node_modules/@walletconnect/jsonrpc-utils/dist/esm/index.js".
⚠️  Could not load source file "../src/index.ts" in source map of "../node_modules/eth-json-rpc-filters/node_modules/json-rpc-engine/dist/index.js".
⚠️  Could not load source file "../../src/browser.ts" in source map of "../node_modules/@walletconnect/browser-utils/dist/esm/browser.js".
⚠️  Could not load source file "../../src/local.ts" in source map of "../node_modules/@walletconnect/browser-utils/dist/esm/local.js".
⚠️  Could not load source file "../../src/mobile.ts" in source map of "../node_modules/@walletconnect/browser-utils/dist/esm/mobile.js".
⚠️  Could not load source file "../../src/registry.ts" in source map of "../node_modules/@walletconnect/browser-utils/dist/esm/registry.js".
⚠️  Could not load source file "../../src/json.ts" in source map of "../node_modules/@walletconnect/browser-utils/dist/esm/json.js".
⚠️  Could not load source file "index.ts" in source map of "../node_modules/@metamask/safe-event-emitter/index.js".
⚠️  Could not load source file "../../src/util/nibbles.ts" in source map of "../node_modules/lite-merkle-patricia-tree/dist/util/nibbles.js".
⚠️  Could not load source file "../src/trieNode.ts" in source map of "../node_modules/lite-merkle-patricia-tree/dist/trieNode.js".
⚠️  Could not load source file "../errors.ts" in source map of "../node_modules/xhr2-cookies/dist/errors.js".
⚠️  Could not load source file "../progress-event.ts" in source map of "../node_modules/xhr2-cookies/dist/progress-event.js".
⚠️  Could not load source file "../xml-http-request-upload.ts" in source map of "../node_modules/xhr2-cookies/dist/xml-http-request-upload.js".
⚠️  Could not load source file "../../../src/browser/aes.ts" in source map of "../node_modules/@walletconnect/crypto/dist/esm/browser/aes.js".
⚠️  Could not load source file "../../../src/browser/sha2.ts" in source map of "../node_modules/@walletconnect/crypto/dist/esm/browser/sha2.js".
⚠️  Could not load source file "../../../src/browser/hmac.ts" in source map of "../node_modules/@walletconnect/crypto/dist/esm/browser/hmac.js".
⚠️  Could not load source file "../../../src/browser/index.ts" in source map of "../node_modules/@walletconnect/randombytes/dist/esm/browser/index.js".
⚠️  Could not load source file "../../../src/helpers/index.ts" in source map of "../node_modules/@walletconnect/crypto/dist/esm/helpers/index.js".
⚠️  Could not load source file "../../../src/constants/index.ts" in source map of "../node_modules/@walletconnect/crypto/dist/esm/constants/index.js".
⚠️  Could not load source file "../../src/network.ts" in source map of "../node_modules/@walletconnect/socket-transport/dist/esm/network.js".
⚠️  Could not load source file "../../src/error.ts" in source map of "../node_modules/@walletconnect/jsonrpc-utils/dist/esm/error.js".
⚠️  Could not load source file "../../src/format.ts" in source map of "../node_modules/@walletconnect/jsonrpc-utils/dist/esm/format.js".
⚠️  Could not load source file "../../src/routing.ts" in source map of "../node_modules/@walletconnect/jsonrpc-utils/dist/esm/routing.js".
⚠️  Could not load source file "../../src/constants.ts" in source map of "../node_modules/@walletconnect/jsonrpc-utils/dist/esm/constants.js".
⚠️  Could not load source file "../../src/types.ts" in source map of "../node_modules/@walletconnect/jsonrpc-utils/dist/esm/types.js".
⚠️  Could not load source file "../../src/url.ts" in source map of "../node_modules/@walletconnect/jsonrpc-utils/dist/esm/url.js".
⚠️  Could not load source file "../../src/validators.ts" in source map of "../node_modules/@walletconnect/jsonrpc-utils/dist/esm/validators.js".
⚠️  Could not load source file "../../src/env.ts" in source map of "../node_modules/@walletconnect/jsonrpc-utils/dist/esm/env.js".
⚠️  Could not load source file "../src/createAsyncMiddleware.ts" in source map of "../node_modules/eth-json-rpc-filters/node_modules/json-rpc-engine/dist/createAsyncMiddleware.js".
⚠️  Could not load source file "../src/idRemapMiddleware.ts" in source map of "../node_modules/eth-json-rpc-filters/node_modules/json-rpc-engine/dist/idRemapMiddleware.js".
⚠️  Could not load source file "../src/getUniqueId.ts" in source map of "../node_modules/eth-json-rpc-filters/node_modules/json-rpc-engine/dist/getUniqueId.js".
⚠️  Could not load source file "../src/createScaffoldMiddleware.ts" in source map of "../node_modules/eth-json-rpc-filters/node_modules/json-rpc-engine/dist/createScaffoldMiddleware.js".
⚠️  Could not load source file "../src/JsonRpcEngine.ts" in source map of "../node_modules/eth-json-rpc-filters/node_modules/json-rpc-engine/dist/JsonRpcEngine.js".
⚠️  Could not load source file "../src/mergeMiddleware.ts" in source map of "../node_modules/eth-json-rpc-filters/node_modules/json-rpc-engine/dist/mergeMiddleware.js".
⚠️  Could not load source file "../../src/index.ts" in source map of "../node_modules/@walletconnect/window-metadata/dist/cjs/index.js".
⚠️  Could not load source file "../../src/index.ts" in source map of "../node_modules/@walletconnect/window-getters/dist/cjs/index.js".
⚠️  Could not load source file "../../src/index.ts" in source map of "../node_modules/@walletconnect/safe-json/dist/esm/index.js".
⚠️  Could not load source file "../../src/util/hex.ts" in source map of "../node_modules/lite-merkle-patricia-tree/dist/util/hex.js".
⚠️  Could not load source file "../../src/index.ts" in source map of "../node_modules/@walletconnect/environment/dist/cjs/index.js".
⚠️  Could not load source file "../../../src/lib/browser.ts" in source map of "../node_modules/@walletconnect/crypto/dist/esm/lib/browser.js".
⚠️  Could not load source file "../../../src/helpers/pkcs7.ts" in source map of "../node_modules/@walletconnect/crypto/dist/esm/helpers/pkcs7.js".
⚠️  Could not load source file "../../../src/helpers/types.ts" in source map of "../node_modules/@walletconnect/crypto/dist/esm/helpers/types.js".
⚠️  Could not load source file "../../../src/helpers/env.ts" in source map of "../node_modules/@walletconnect/crypto/dist/esm/helpers/env.js".
⚠️  Could not load source file "../../../src/helpers/validators.ts" in source map of "../node_modules/@walletconnect/crypto/dist/esm/helpers/validators.js".
⚠️  Could not load source file "../../../src/constants/default.ts" in source map of "../node_modules/@walletconnect/crypto/dist/esm/constants/default.js".
⚠️  Could not load source file "../../../src/constants/error.ts" in source map of "../node_modules/@walletconnect/crypto/dist/esm/constants/error.js".
⚠️  Could not load source file "../../../src/constants/operations.ts" in source map of "../node_modules/@walletconnect/crypto/dist/esm/constants/operations.js".
⚠️  Could not load source file "../../../src/constants/encoding.ts" in source map of "../node_modules/@walletconnect/crypto/dist/esm/constants/encoding.js".
⚠️  Could not load source file "../../../src/constants/length.ts" in source map of "../node_modules/@walletconnect/crypto/dist/esm/constants/length.js".
⚠️  Could not load source file "../../src/index.ts" in source map of "../node_modules/@walletconnect/jsonrpc-types/dist/esm/index.js".
⚠️  Could not load source file "../src/index.ts" in source map of "../node_modules/eth-json-rpc-filters/node_modules/eth-rpc-errors/dist/index.js".
⚠️  Could not load source file "../src/index.ts" in source map of "../node_modules/ethereumjs-abi/node_modules/ethereumjs-util/dist/index.js".
⚠️  Could not load source file "../../src/crypto.ts" in source map of "../node_modules/@walletconnect/environment/dist/cjs/crypto.js".
⚠️  Could not load source file "../../src/env.ts" in source map of "../node_modules/@walletconnect/environment/dist/cjs/env.js".
⚠️  Could not load source file "../src/secp256k1v3-adapter.ts" in source map of "../node_modules/ethereumjs-abi/node_modules/ethereumjs-util/dist/secp256k1v3-adapter.js".
⚠️  Could not load source file "../src/constants.ts" in source map of "../node_modules/ethereumjs-abi/node_modules/ethereumjs-util/dist/constants.js".
⚠️  Could not load source file "../src/account.ts" in source map of "../node_modules/ethereumjs-abi/node_modules/ethereumjs-util/dist/account.js".
⚠️  Could not load source file "../src/hash.ts" in source map of "../node_modules/ethereumjs-abi/node_modules/ethereumjs-util/dist/hash.js".
⚠️  Could not load source file "../src/bytes.ts" in source map of "../node_modules/ethereumjs-abi/node_modules/ethereumjs-util/dist/bytes.js".
⚠️  Could not load source file "../src/signature.ts" in source map of "../node_modules/ethereumjs-abi/node_modules/ethereumjs-util/dist/signature.js".
⚠️  Could not load source file "../src/object.ts" in source map of "../node_modules/ethereumjs-abi/node_modules/ethereumjs-util/dist/object.js".
⚠️  Could not load source file "../src/classes.ts" in source map of "../node_modules/eth-json-rpc-filters/node_modules/eth-rpc-errors/dist/classes.js".
⚠️  Could not load source file "../src/errors.ts" in source map of "../node_modules/eth-json-rpc-filters/node_modules/eth-rpc-errors/dist/errors.js".
⚠️  Could not load source file "../src/utils.ts" in source map of "../node_modules/eth-json-rpc-filters/node_modules/eth-rpc-errors/dist/utils.js".
⚠️  Could not load source file "../src/error-constants.ts" in source map of "../node_modules/eth-json-rpc-filters/node_modules/eth-rpc-errors/dist/error-constants.js".
⚠️  Could not load source file "../../src/provider.ts" in source map of "../node_modules/@walletconnect/jsonrpc-types/dist/esm/provider.js".
⚠️  Could not load source file "../../src/jsonrpc.ts" in source map of "../node_modules/@walletconnect/jsonrpc-types/dist/esm/jsonrpc.js".
⚠️  Could not load source file "../../src/misc.ts" in source map of "../node_modules/@walletconnect/jsonrpc-types/dist/esm/misc.js".
⚠️  Could not load source file "../../src/validator.ts" in source map of "../node_modules/@walletconnect/jsonrpc-types/dist/esm/validator.js".
⚠️  Could not load source file "../../src/secp256k1v3-lib/index.ts" in source map of "../node_modules/ethereumjs-abi/node_modules/ethereumjs-util/dist/secp256k1v3-lib/index.js".
⚠️  Could not load source file "../../src/secp256k1v3-lib/der.ts" in source map of "../node_modules/ethereumjs-abi/node_modules/ethereumjs-util/dist/secp256k1v3-lib/der.js".
⚠️  Could not load source file "../src.ts/index.ts" in source map of "../node_modules/web3-eth-abi/node_modules/@ethersproject/abi/lib.esm/index.js".
⚠️  Could not load source file "../src.ts/fragments.ts" in source map of "../node_modules/web3-eth-abi/node_modules/@ethersproject/abi/lib.esm/fragments.js".
⚠️  Could not load source file "../src.ts/abi-coder.ts" in source map of "../node_modules/web3-eth-abi/node_modules/@ethersproject/abi/lib.esm/abi-coder.js".
⚠️  Could not load source file "../src.ts/interface.ts" in source map of "../node_modules/web3-eth-abi/node_modules/@ethersproject/abi/lib.esm/interface.js".
⚠️  Could not load source file "../src.ts/_version.ts" in source map of "../node_modules/web3-eth-abi/node_modules/@ethersproject/abi/lib.esm/_version.js".
⚠️  Could not load source file "../../src.ts/coders/address.ts" in source map of "../node_modules/web3-eth-abi/node_modules/@ethersproject/abi/lib.esm/coders/address.js".
⚠️  Could not load source file "../../src.ts/coders/boolean.ts" in source map of "../node_modules/web3-eth-abi/node_modules/@ethersproject/abi/lib.esm/coders/boolean.js".
⚠️  Could not load source file "../../src.ts/coders/abstract-coder.ts" in source map of "../node_modules/web3-eth-abi/node_modules/@ethersproject/abi/lib.esm/coders/abstract-coder.js".
⚠️  Could not load source file "../../src.ts/coders/array.ts" in source map of "../node_modules/web3-eth-abi/node_modules/@ethersproject/abi/lib.esm/coders/array.js".
⚠️  Could not load source file "../../src.ts/coders/bytes.ts" in source map of "../node_modules/web3-eth-abi/node_modules/@ethersproject/abi/lib.esm/coders/bytes.js".
⚠️  Could not load source file "../../src.ts/coders/fixed-bytes.ts" in source map of "../node_modules/web3-eth-abi/node_modules/@ethersproject/abi/lib.esm/coders/fixed-bytes.js".
⚠️  Could not load source file "../../src.ts/coders/string.ts" in source map of "../node_modules/web3-eth-abi/node_modules/@ethersproject/abi/lib.esm/coders/string.js".
⚠️  Could not load source file "../../src.ts/coders/null.ts" in source map of "../node_modules/web3-eth-abi/node_modules/@ethersproject/abi/lib.esm/coders/null.js".
⚠️  Could not load source file "../../src.ts/coders/tuple.ts" in source map of "../node_modules/web3-eth-abi/node_modules/@ethersproject/abi/lib.esm/coders/tuple.js".
⚠️  Could not load source file "../../src.ts/coders/number.ts" in source map of "../node_modules/web3-eth-abi/node_modules/@ethersproject/abi/lib.esm/coders/number.js".
